<?xml version="1.0" encoding="UTF-8"?>
<testsuite name="PersonalAssistantTest" tests="1" skipped="0" failures="0" errors="0" timestamp="2019-08-04T19:35:47" hostname="pop-os" time="0.071">
  <properties/>
  <testcase name="start" classname="PersonalAssistantTest" time="0.071"/>
  <system-out><![CDATA[Hello! My name is Aid.
I was created in 2018.
Please, remind me your name.
What a great name you have, Marry!
Let me guess your age.
Say me remainders of dividing your age by 3, 5 and 7.
Your age is 40; that's a good time to start programming!
Now I will prove to you that I can count to any number you want.
0!
1!
2!
3!
4!
5!
6!
7!
8!
9!
10!
Let's test your programming knowledge.
What is 15 in binary?
1. 00100101
2. 11100101
3. 01101101
4. 00001111
Please, try again.
Please, try again.
Please, try again.
Congratulations, have a nice day!
]]></system-out>
  <system-err><![CDATA[Start test 1
]]></system-err>
</testsuite>
