<?xml version="1.0" encoding="UTF-8"?>
<testsuite name="PersonalAssistantTest" tests="1" skipped="0" failures="0" errors="0" timestamp="2019-08-04T03:15:34" hostname="pop-os" time="0.051">
  <properties/>
  <testcase name="start" classname="PersonalAssistantTest" time="0.051"/>
  <system-out><![CDATA[Hello! My name is Sage.
I was created in 2019.
Please, remind me your name.
What a great name you have, John!
Let me guess your age.
Enter remainders of dividing your age by 3, 5 and 7.
Your age is 22 that's a good time to start programming!
Hello! My name is Sage.
I was created in 2019.
Please, remind me your name.
What a great name you have, Nick!
Let me guess your age.
Enter remainders of dividing your age by 3, 5 and 7.
Your age is 35 that's a good time to start programming!
]]></system-out>
  <system-err><![CDATA[Start test 1
Start test 2
]]></system-err>
</testsuite>
